<?xml version="1.0" encoding="UTF-8"?>
<!-- Generated by org.testng.reporters.JUnitReportReporter -->
<testsuite skipped="0" hostname="DESKTOP-HJ86OUE" name="test.AddCustomeTest" tests="1" failures="0" timestamp="18 Mar 2022 08:01:21 GMT" time="127.367" errors="0">
  <testcase name="validUserShouldbeCreateCustomer" time="127.367" classname="test.AddCustomeTest"/>
</testsuite> <!-- test.AddCustomeTest -->
