<?xml version="1.0" encoding="UTF-8"?>
<!-- Generated by org.testng.reporters.JUnitReportReporter -->
<testsuite skipped="0" hostname="DESKTOP-HJ86OUE" name="test.LoginTest" tests="1" failures="0" timestamp="18 Mar 2022 06:41:22 GMT" time="116.765" errors="0">
  <testcase name="validUserShouldBeAbleToLogin" time="116.765" classname="test.LoginTest"/>
</testsuite> <!-- test.LoginTest -->
